  [4;36;1mSQL (0.2ms)[0m   [0;1m SELECT name
 FROM sqlite_master
 WHERE type = 'table' AND NOT name = 'sqlite_sequence'
[0m
  [4;35;1mSQL (0.1ms)[0m   [0mselect sqlite_version(*)[0m
  [4;36;1mSQL (39.0ms)[0m   [0;1mCREATE TABLE "schema_migrations" ("version" varchar(255) NOT NULL) [0m
  [4;35;1mSQL (0.1ms)[0m   [0mPRAGMA index_list("schema_migrations")[0m
  [4;36;1mSQL (4.0ms)[0m   [0;1mCREATE UNIQUE INDEX "unique_schema_migrations" ON "schema_migrations" ("version")[0m
  [4;35;1mSQL (0.1ms)[0m   [0m SELECT name
 FROM sqlite_master
 WHERE type = 'table' AND NOT name = 'sqlite_sequence'
[0m
  [4;36;1mSQL (0.1ms)[0m   [0;1mSELECT version FROM schema_migrations[0m
  [4;36;1mSQL (0.3ms)[0m   [0;1m SELECT name
 FROM sqlite_master
 WHERE type = 'table' AND NOT name = 'sqlite_sequence'
[0m
  [4;35;1mSQL (0.1ms)[0m   [0mselect sqlite_version(*)[0m
  [4;36;1mSQL (0.1ms)[0m   [0;1m SELECT name
 FROM sqlite_master
 WHERE type = 'table' AND NOT name = 'sqlite_sequence'
[0m
  [4;35;1mSQL (0.1ms)[0m   [0mSELECT version FROM schema_migrations[0m
  [4;36;1mSQL (0.1ms)[0m   [0;1m SELECT name
 FROM sqlite_master
 WHERE type = 'table' AND NOT name = 'sqlite_sequence'
[0m
  [4;36;1mSQL (0.3ms)[0m   [0;1m SELECT name
 FROM sqlite_master
 WHERE type = 'table' AND NOT name = 'sqlite_sequence'
[0m
  [4;35;1mSQL (0.1ms)[0m   [0mSELECT version FROM schema_migrations[0m
  [4;36;1mSQL (0.2ms)[0m   [0;1m SELECT name
 FROM sqlite_master
 WHERE type = 'table' AND NOT name = 'sqlite_sequence'
[0m
  [4;35;1mSQL (0.1ms)[0m   [0mselect sqlite_version(*)[0m
  [4;36;1mSQL (4.4ms)[0m   [0;1mCREATE TABLE "schema_migrations" ("version" varchar(255) NOT NULL) [0m
  [4;35;1mSQL (0.0ms)[0m   [0mPRAGMA index_list("schema_migrations")[0m
  [4;36;1mSQL (6.0ms)[0m   [0;1mCREATE UNIQUE INDEX "unique_schema_migrations" ON "schema_migrations" ("version")[0m
  [4;35;1mSQL (0.1ms)[0m   [0m SELECT name
 FROM sqlite_master
 WHERE type = 'table' AND NOT name = 'sqlite_sequence'
[0m
  [4;36;1mSQL (0.1ms)[0m   [0;1mSELECT version FROM "schema_migrations"[0m
  [4;35;1mSQL (6.5ms)[0m   [0mINSERT INTO "schema_migrations" (version) VALUES ('0')[0m
  [4;36;1mSQL (0.3ms)[0m   [0;1m SELECT name
 FROM sqlite_master
 WHERE type = 'table' AND NOT name = 'sqlite_sequence'
[0m
  [4;35;1mSQL (0.1ms)[0m   [0mSELECT version FROM schema_migrations[0m
Migrating to CreateSubscriptionEtc (20100914124709)
  [4;36;1mSQL (0.1ms)[0m   [0;1mselect sqlite_version(*)[0m
  [4;35;1mSQL (0.1ms)[0m   [0m SELECT name
 FROM sqlite_master
 WHERE type = 'table' AND NOT name = 'sqlite_sequence'
[0m
  [4;36;1mSQL (0.4ms)[0m   [0;1mCREATE TABLE "subscription_plans" ("id" INTEGER PRIMARY KEY AUTOINCREMENT NOT NULL, "name" varchar(255) NOT NULL, "rate_cents" integer DEFAULT 0, "interval" integer DEFAULT 1, "created_at" datetime, "updated_at" datetime) [0m
  [4;35;1mSQL (0.1ms)[0m   [0m SELECT name
 FROM sqlite_master
 WHERE type = 'table' AND NOT name = 'sqlite_sequence'
[0m
  [4;36;1mSQL (0.2ms)[0m   [0;1mCREATE TABLE "subscriptions" ("id" INTEGER PRIMARY KEY AUTOINCREMENT NOT NULL, "subscriber_id" integer NOT NULL, "subscriber_type" varchar(255) NOT NULL, "plan_id" integer, "state" varchar(255), "next_renewal_on" date, "warning_level" integer, "balance_cents" integer DEFAULT 0, "created_at" datetime, "updated_at" datetime) [0m
  [4;35;1mSQL (0.1ms)[0m   [0m SELECT name
 FROM sqlite_master
 WHERE type = 'table' AND NOT name = 'sqlite_sequence'
[0m
  [4;36;1mSQL (0.2ms)[0m   [0;1mCREATE TABLE "subscription_profiles" ("id" INTEGER PRIMARY KEY AUTOINCREMENT NOT NULL, "subscription_id" integer, "state" varchar(255), "profile_key" varchar(255), "card_first_name" varchar(255), "card_last_name" varchar(255), "card_type" varchar(255), "card_display_number" varchar(255), "card_expires_on" date, "created_at" datetime, "updated_at" datetime) [0m
  [4;35;1mSQL (0.1ms)[0m   [0m SELECT name
 FROM sqlite_master
 WHERE type = 'table' AND NOT name = 'sqlite_sequence'
[0m
  [4;36;1mSQL (0.1ms)[0m   [0;1mCREATE TABLE "subscription_transactions" ("id" INTEGER PRIMARY KEY AUTOINCREMENT NOT NULL, "subscription_id" integer NOT NULL, "amount_cents" integer, "success" boolean, "reference" varchar(255), "message" varchar(255), "action" varchar(255), "params" text, "test" boolean, "created_at" datetime, "updated_at" datetime) [0m
  [4;35;1mSQL (0.0ms)[0m   [0mPRAGMA index_list("subscriptions")[0m
  [4;36;1mSQL (0.1ms)[0m   [0;1mCREATE INDEX "index_subscriptions_on_subscriber_id" ON "subscriptions" ("subscriber_id")[0m
  [4;35;1mSQL (0.1ms)[0m   [0mPRAGMA index_list("subscriptions")[0m
  [4;36;1mSQL (0.1ms)[0m   [0;1mPRAGMA index_info('index_subscriptions_on_subscriber_id')[0m
  [4;35;1mSQL (0.1ms)[0m   [0mCREATE INDEX "index_subscriptions_on_subscriber_type" ON "subscriptions" ("subscriber_type")[0m
  [4;36;1mSQL (0.1ms)[0m   [0;1mPRAGMA index_list("subscriptions")[0m
  [4;35;1mSQL (0.1ms)[0m   [0mPRAGMA index_info('index_subscriptions_on_subscriber_type')[0m
  [4;36;1mSQL (0.0ms)[0m   [0;1mPRAGMA index_info('index_subscriptions_on_subscriber_id')[0m
  [4;35;1mSQL (0.1ms)[0m   [0mCREATE INDEX "index_subscriptions_on_state" ON "subscriptions" ("state")[0m
  [4;36;1mSQL (0.1ms)[0m   [0;1mPRAGMA index_list("subscriptions")[0m
  [4;35;1mSQL (0.0ms)[0m   [0mPRAGMA index_info('index_subscriptions_on_state')[0m
  [4;36;1mSQL (0.1ms)[0m   [0;1mPRAGMA index_info('index_subscriptions_on_subscriber_type')[0m
  [4;35;1mSQL (0.0ms)[0m   [0mPRAGMA index_info('index_subscriptions_on_subscriber_id')[0m
  [4;36;1mSQL (0.1ms)[0m   [0;1mCREATE INDEX "index_subscriptions_on_next_renewal_on" ON "subscriptions" ("next_renewal_on")[0m
  [4;35;1mSQL (0.9ms)[0m   [0mINSERT INTO schema_migrations (version) VALUES ('20100914124709')[0m
  [4;36;1mSQL (0.2ms)[0m   [0;1m SELECT name
 FROM sqlite_master
 WHERE type = 'table' AND NOT name = 'sqlite_sequence'
[0m
  [4;35;1mSQL (0.1ms)[0m   [0mSELECT version FROM schema_migrations[0m
  [4;36;1mSQL (0.1ms)[0m   [0;1m SELECT name
 FROM sqlite_master
 WHERE type = 'table' AND NOT name = 'sqlite_sequence'
[0m
  [4;35;1mSQL (0.0ms)[0m   [0mPRAGMA index_list("subscription_plans")[0m
  [4;36;1mSQL (0.0ms)[0m   [0;1mPRAGMA index_list("subscription_profiles")[0m
  [4;35;1mSQL (0.0ms)[0m   [0mPRAGMA index_list("subscription_transactions")[0m
  [4;36;1mSQL (0.1ms)[0m   [0;1mPRAGMA index_list("subscriptions")[0m
  [4;35;1mSQL (0.0ms)[0m   [0mPRAGMA index_info('index_subscriptions_on_next_renewal_on')[0m
  [4;36;1mSQL (0.0ms)[0m   [0;1mPRAGMA index_info('index_subscriptions_on_state')[0m
  [4;35;1mSQL (0.0ms)[0m   [0mPRAGMA index_info('index_subscriptions_on_subscriber_type')[0m
  [4;36;1mSQL (0.0ms)[0m   [0;1mPRAGMA index_info('index_subscriptions_on_subscriber_id')[0m
  [4;36;1mSubscriptionPlan Load (0.1ms)[0m   [0;1mSELECT * FROM "subscription_plans" WHERE ("subscription_plans"."name" = 'free') LIMIT 1[0m
  [4;35;1mSubscriptionPlan Load (0.1ms)[0m   [0mSELECT "subscription_plans".id FROM "subscription_plans" WHERE ("subscription_plans"."name" = 'free') LIMIT 1[0m
  [4;36;1mSubscriptionPlan Create (0.3ms)[0m   [0;1mINSERT INTO "subscription_plans" ("name", "created_at", "rate_cents", "updated_at", "interval") VALUES('free', '2010-09-14 12:47:18', 0, '2010-09-14 12:47:18', 1)[0m
  [4;35;1mSubscriptionPlan Load (0.1ms)[0m   [0mSELECT * FROM "subscription_plans" WHERE ("subscription_plans"."name" = 'basic') LIMIT 1[0m
  [4;36;1mSubscriptionPlan Load (0.1ms)[0m   [0;1mSELECT "subscription_plans".id FROM "subscription_plans" WHERE ("subscription_plans"."name" = 'basic') LIMIT 1[0m
  [4;35;1mSubscriptionPlan Create (0.2ms)[0m   [0mINSERT INTO "subscription_plans" ("name", "created_at", "rate_cents", "updated_at", "interval") VALUES('basic', '2010-09-14 12:47:18', 1000, '2010-09-14 12:47:18', 1)[0m
  [4;36;1mSubscriptionPlan Load (0.1ms)[0m   [0;1mSELECT * FROM "subscription_plans" WHERE ("subscription_plans"."name" = 'pro') LIMIT 1[0m
  [4;35;1mSubscriptionPlan Load (0.1ms)[0m   [0mSELECT "subscription_plans".id FROM "subscription_plans" WHERE ("subscription_plans"."name" = 'pro') LIMIT 1[0m
  [4;36;1mSubscriptionPlan Create (0.2ms)[0m   [0;1mINSERT INTO "subscription_plans" ("name", "created_at", "rate_cents", "updated_at", "interval") VALUES('pro', '2010-09-14 12:47:18', 30000, '2010-09-14 12:47:18', 12)[0m
  [4;36;1mSQL (0.4ms)[0m   [0;1m SELECT name
 FROM sqlite_master
 WHERE type = 'table' AND NOT name = 'sqlite_sequence'
[0m
  [4;35;1mSQL (0.1ms)[0m   [0mSELECT version FROM schema_migrations[0m
  [4;36;1mSQL (0.1ms)[0m   [0;1mselect sqlite_version(*)[0m
  [4;35;1mSQL (0.1ms)[0m   [0m SELECT name
 FROM sqlite_master
 WHERE type = 'table' AND NOT name = 'sqlite_sequence'
[0m
  [4;36;1mSQL (40.7ms)[0m   [0;1mCREATE TABLE "subscription_plans" ("id" INTEGER PRIMARY KEY AUTOINCREMENT NOT NULL, "name" varchar(255) NOT NULL, "rate_cents" integer DEFAULT 0, "interval" integer DEFAULT 1, "created_at" datetime, "updated_at" datetime) [0m
  [4;35;1mSQL (0.2ms)[0m   [0m SELECT name
 FROM sqlite_master
 WHERE type = 'table' AND NOT name = 'sqlite_sequence'
[0m
  [4;36;1mSQL (3.3ms)[0m   [0;1mCREATE TABLE "subscription_profiles" ("id" INTEGER PRIMARY KEY AUTOINCREMENT NOT NULL, "subscription_id" integer, "state" varchar(255), "profile_key" varchar(255), "card_first_name" varchar(255), "card_last_name" varchar(255), "card_type" varchar(255), "card_display_number" varchar(255), "card_expires_on" date, "created_at" datetime, "updated_at" datetime) [0m
  [4;35;1mSQL (0.1ms)[0m   [0m SELECT name
 FROM sqlite_master
 WHERE type = 'table' AND NOT name = 'sqlite_sequence'
[0m
  [4;36;1mSQL (3.4ms)[0m   [0;1mCREATE TABLE "subscription_transactions" ("id" INTEGER PRIMARY KEY AUTOINCREMENT NOT NULL, "subscription_id" integer NOT NULL, "amount_cents" integer, "success" boolean, "reference" varchar(255), "message" varchar(255), "action" varchar(255), "params" text, "test" boolean, "created_at" datetime, "updated_at" datetime) [0m
  [4;35;1mSQL (0.1ms)[0m   [0m SELECT name
 FROM sqlite_master
 WHERE type = 'table' AND NOT name = 'sqlite_sequence'
[0m
  [4;36;1mSQL (4.9ms)[0m   [0;1mCREATE TABLE "subscriptions" ("id" INTEGER PRIMARY KEY AUTOINCREMENT NOT NULL, "subscriber_id" integer NOT NULL, "subscriber_type" varchar(255) NOT NULL, "plan_id" integer, "state" varchar(255), "next_renewal_on" date, "warning_level" integer, "balance_cents" integer DEFAULT 0, "created_at" datetime, "updated_at" datetime) [0m
  [4;35;1mSQL (0.0ms)[0m   [0mPRAGMA index_list("subscriptions")[0m
  [4;36;1mSQL (3.3ms)[0m   [0;1mCREATE INDEX "index_subscriptions_on_next_renewal_on" ON "subscriptions" ("next_renewal_on")[0m
  [4;35;1mSQL (0.1ms)[0m   [0mPRAGMA index_list("subscriptions")[0m
  [4;36;1mSQL (0.1ms)[0m   [0;1mPRAGMA index_info('index_subscriptions_on_next_renewal_on')[0m
  [4;35;1mSQL (4.3ms)[0m   [0mCREATE INDEX "index_subscriptions_on_state" ON "subscriptions" ("state")[0m
  [4;36;1mSQL (0.1ms)[0m   [0;1mPRAGMA index_list("subscriptions")[0m
  [4;35;1mSQL (0.0ms)[0m   [0mPRAGMA index_info('index_subscriptions_on_state')[0m
  [4;36;1mSQL (0.0ms)[0m   [0;1mPRAGMA index_info('index_subscriptions_on_next_renewal_on')[0m
  [4;35;1mSQL (4.0ms)[0m   [0mCREATE INDEX "index_subscriptions_on_subscriber_id" ON "subscriptions" ("subscriber_id")[0m
  [4;36;1mSQL (0.2ms)[0m   [0;1mPRAGMA index_list("subscriptions")[0m
  [4;35;1mSQL (0.1ms)[0m   [0mPRAGMA index_info('index_subscriptions_on_subscriber_id')[0m
  [4;36;1mSQL (0.1ms)[0m   [0;1mPRAGMA index_info('index_subscriptions_on_state')[0m
  [4;35;1mSQL (0.1ms)[0m   [0mPRAGMA index_info('index_subscriptions_on_next_renewal_on')[0m
  [4;36;1mSQL (4.9ms)[0m   [0;1mCREATE INDEX "index_subscriptions_on_subscriber_type" ON "subscriptions" ("subscriber_type")[0m
  [4;35;1mSQL (0.1ms)[0m   [0m SELECT name
 FROM sqlite_master
 WHERE type = 'table' AND NOT name = 'sqlite_sequence'
[0m
  [4;36;1mSQL (4.9ms)[0m   [0;1mCREATE TABLE "schema_migrations" ("version" varchar(255) NOT NULL) [0m
  [4;35;1mSQL (0.0ms)[0m   [0mPRAGMA index_list("schema_migrations")[0m
  [4;36;1mSQL (4.1ms)[0m   [0;1mCREATE UNIQUE INDEX "unique_schema_migrations" ON "schema_migrations" ("version")[0m
  [4;35;1mSQL (0.1ms)[0m   [0m SELECT name
 FROM sqlite_master
 WHERE type = 'table' AND NOT name = 'sqlite_sequence'
[0m
  [4;36;1mSQL (0.1ms)[0m   [0;1mSELECT version FROM "schema_migrations"[0m
  [4;35;1mSQL (4.6ms)[0m   [0mINSERT INTO "schema_migrations" (version) VALUES ('20100914124709')[0m
  [4;36;1mSQL (0.4ms)[0m   [0;1m SELECT name
 FROM sqlite_master
 WHERE type = 'table' AND NOT name = 'sqlite_sequence'
[0m
  [4;35;1mSQL (0.1ms)[0m   [0mSELECT version FROM schema_migrations[0m
  [4;36;1mSQL (0.1ms)[0m   [0;1mselect sqlite_version(*)[0m
  [4;35;1mSQL (0.1ms)[0m   [0m SELECT name
 FROM sqlite_master
 WHERE type = 'table' AND NOT name = 'sqlite_sequence'
[0m
  [4;36;1mSQL (35.8ms)[0m   [0;1mCREATE TABLE "subscription_plans" ("id" INTEGER PRIMARY KEY AUTOINCREMENT NOT NULL, "name" varchar(255) NOT NULL, "rate_cents" integer DEFAULT 0, "interval" integer DEFAULT 1, "created_at" datetime, "updated_at" datetime) [0m
  [4;35;1mSQL (0.2ms)[0m   [0m SELECT name
 FROM sqlite_master
 WHERE type = 'table' AND NOT name = 'sqlite_sequence'
[0m
  [4;36;1mSQL (3.2ms)[0m   [0;1mCREATE TABLE "subscription_profiles" ("id" INTEGER PRIMARY KEY AUTOINCREMENT NOT NULL, "subscription_id" integer, "state" varchar(255), "profile_key" varchar(255), "card_first_name" varchar(255), "card_last_name" varchar(255), "card_type" varchar(255), "card_display_number" varchar(255), "card_expires_on" date, "created_at" datetime, "updated_at" datetime) [0m
  [4;35;1mSQL (0.1ms)[0m   [0m SELECT name
 FROM sqlite_master
 WHERE type = 'table' AND NOT name = 'sqlite_sequence'
[0m
  [4;36;1mSQL (3.5ms)[0m   [0;1mCREATE TABLE "subscription_transactions" ("id" INTEGER PRIMARY KEY AUTOINCREMENT NOT NULL, "subscription_id" integer NOT NULL, "amount_cents" integer, "success" boolean, "reference" varchar(255), "message" varchar(255), "action" varchar(255), "params" text, "test" boolean, "created_at" datetime, "updated_at" datetime) [0m
  [4;35;1mSQL (0.2ms)[0m   [0m SELECT name
 FROM sqlite_master
 WHERE type = 'table' AND NOT name = 'sqlite_sequence'
[0m
  [4;36;1mSQL (3.8ms)[0m   [0;1mCREATE TABLE "subscriptions" ("id" INTEGER PRIMARY KEY AUTOINCREMENT NOT NULL, "subscriber_id" integer NOT NULL, "subscriber_type" varchar(255) NOT NULL, "plan_id" integer, "state" varchar(255), "next_renewal_on" date, "warning_level" integer, "balance_cents" integer DEFAULT 0, "created_at" datetime, "updated_at" datetime) [0m
  [4;35;1mSQL (0.0ms)[0m   [0mPRAGMA index_list("subscriptions")[0m
  [4;36;1mSQL (4.1ms)[0m   [0;1mCREATE INDEX "index_subscriptions_on_next_renewal_on" ON "subscriptions" ("next_renewal_on")[0m
  [4;35;1mSQL (0.1ms)[0m   [0mPRAGMA index_list("subscriptions")[0m
  [4;36;1mSQL (0.1ms)[0m   [0;1mPRAGMA index_info('index_subscriptions_on_next_renewal_on')[0m
  [4;35;1mSQL (3.8ms)[0m   [0mCREATE INDEX "index_subscriptions_on_state" ON "subscriptions" ("state")[0m
  [4;36;1mSQL (0.1ms)[0m   [0;1mPRAGMA index_list("subscriptions")[0m
  [4;35;1mSQL (0.0ms)[0m   [0mPRAGMA index_info('index_subscriptions_on_state')[0m
  [4;36;1mSQL (0.0ms)[0m   [0;1mPRAGMA index_info('index_subscriptions_on_next_renewal_on')[0m
  [4;35;1mSQL (3.8ms)[0m   [0mCREATE INDEX "index_subscriptions_on_subscriber_id" ON "subscriptions" ("subscriber_id")[0m
  [4;36;1mSQL (0.1ms)[0m   [0;1mPRAGMA index_list("subscriptions")[0m
  [4;35;1mSQL (0.1ms)[0m   [0mPRAGMA index_info('index_subscriptions_on_subscriber_id')[0m
  [4;36;1mSQL (0.0ms)[0m   [0;1mPRAGMA index_info('index_subscriptions_on_state')[0m
  [4;35;1mSQL (0.0ms)[0m   [0mPRAGMA index_info('index_subscriptions_on_next_renewal_on')[0m
  [4;36;1mSQL (5.5ms)[0m   [0;1mCREATE INDEX "index_subscriptions_on_subscriber_type" ON "subscriptions" ("subscriber_type")[0m
  [4;35;1mSQL (0.2ms)[0m   [0m SELECT name
 FROM sqlite_master
 WHERE type = 'table' AND NOT name = 'sqlite_sequence'
[0m
  [4;36;1mSQL (4.1ms)[0m   [0;1mCREATE TABLE "schema_migrations" ("version" varchar(255) NOT NULL) [0m
  [4;35;1mSQL (0.0ms)[0m   [0mPRAGMA index_list("schema_migrations")[0m
  [4;36;1mSQL (4.4ms)[0m   [0;1mCREATE UNIQUE INDEX "unique_schema_migrations" ON "schema_migrations" ("version")[0m
  [4;35;1mSQL (0.2ms)[0m   [0m SELECT name
 FROM sqlite_master
 WHERE type = 'table' AND NOT name = 'sqlite_sequence'
[0m
  [4;36;1mSQL (0.1ms)[0m   [0;1mSELECT version FROM "schema_migrations"[0m
  [4;35;1mSQL (5.0ms)[0m   [0mINSERT INTO "schema_migrations" (version) VALUES ('20100914124709')[0m
  [4;36;1mSQL (0.5ms)[0m   [0;1m SELECT name
 FROM sqlite_master
 WHERE type = 'table' AND NOT name = 'sqlite_sequence'
[0m
  [4;35;1mSQL (0.1ms)[0m   [0mSELECT version FROM schema_migrations[0m
  [4;36;1mSQL (0.1ms)[0m   [0;1mselect sqlite_version(*)[0m
  [4;35;1mSQL (0.1ms)[0m   [0m SELECT name
 FROM sqlite_master
 WHERE type = 'table' AND NOT name = 'sqlite_sequence'
[0m
  [4;36;1mSQL (42.3ms)[0m   [0;1mCREATE TABLE "subscription_plans" ("id" INTEGER PRIMARY KEY AUTOINCREMENT NOT NULL, "name" varchar(255) NOT NULL, "rate_cents" integer DEFAULT 0, "interval" integer DEFAULT 1, "created_at" datetime, "updated_at" datetime) [0m
  [4;35;1mSQL (0.2ms)[0m   [0m SELECT name
 FROM sqlite_master
 WHERE type = 'table' AND NOT name = 'sqlite_sequence'
[0m
  [4;36;1mSQL (3.4ms)[0m   [0;1mCREATE TABLE "subscription_profiles" ("id" INTEGER PRIMARY KEY AUTOINCREMENT NOT NULL, "subscription_id" integer, "state" varchar(255), "profile_key" varchar(255), "card_first_name" varchar(255), "card_last_name" varchar(255), "card_type" varchar(255), "card_display_number" varchar(255), "card_expires_on" date, "created_at" datetime, "updated_at" datetime) [0m
  [4;35;1mSQL (0.1ms)[0m   [0m SELECT name
 FROM sqlite_master
 WHERE type = 'table' AND NOT name = 'sqlite_sequence'
[0m
  [4;36;1mSQL (3.3ms)[0m   [0;1mCREATE TABLE "subscription_transactions" ("id" INTEGER PRIMARY KEY AUTOINCREMENT NOT NULL, "subscription_id" integer NOT NULL, "amount_cents" integer, "success" boolean, "reference" varchar(255), "message" varchar(255), "action" varchar(255), "params" text, "test" boolean, "created_at" datetime, "updated_at" datetime) [0m
  [4;35;1mSQL (0.2ms)[0m   [0m SELECT name
 FROM sqlite_master
 WHERE type = 'table' AND NOT name = 'sqlite_sequence'
[0m
  [4;36;1mSQL (3.7ms)[0m   [0;1mCREATE TABLE "subscriptions" ("id" INTEGER PRIMARY KEY AUTOINCREMENT NOT NULL, "subscriber_id" integer NOT NULL, "subscriber_type" varchar(255) NOT NULL, "plan_id" integer, "state" varchar(255), "next_renewal_on" date, "warning_level" integer, "balance_cents" integer DEFAULT 0, "created_at" datetime, "updated_at" datetime) [0m
  [4;35;1mSQL (0.0ms)[0m   [0mPRAGMA index_list("subscriptions")[0m
  [4;36;1mSQL (4.6ms)[0m   [0;1mCREATE INDEX "index_subscriptions_on_next_renewal_on" ON "subscriptions" ("next_renewal_on")[0m
  [4;35;1mSQL (0.1ms)[0m   [0mPRAGMA index_list("subscriptions")[0m
  [4;36;1mSQL (0.0ms)[0m   [0;1mPRAGMA index_info('index_subscriptions_on_next_renewal_on')[0m
  [4;35;1mSQL (3.9ms)[0m   [0mCREATE INDEX "index_subscriptions_on_state" ON "subscriptions" ("state")[0m
  [4;36;1mSQL (0.1ms)[0m   [0;1mPRAGMA index_list("subscriptions")[0m
  [4;35;1mSQL (0.1ms)[0m   [0mPRAGMA index_info('index_subscriptions_on_state')[0m
  [4;36;1mSQL (0.1ms)[0m   [0;1mPRAGMA index_info('index_subscriptions_on_next_renewal_on')[0m
  [4;35;1mSQL (3.4ms)[0m   [0mCREATE INDEX "index_subscriptions_on_subscriber_id" ON "subscriptions" ("subscriber_id")[0m
  [4;36;1mSQL (0.1ms)[0m   [0;1mPRAGMA index_list("subscriptions")[0m
  [4;35;1mSQL (0.0ms)[0m   [0mPRAGMA index_info('index_subscriptions_on_subscriber_id')[0m
  [4;36;1mSQL (0.0ms)[0m   [0;1mPRAGMA index_info('index_subscriptions_on_state')[0m
  [4;35;1mSQL (0.0ms)[0m   [0mPRAGMA index_info('index_subscriptions_on_next_renewal_on')[0m
  [4;36;1mSQL (5.9ms)[0m   [0;1mCREATE INDEX "index_subscriptions_on_subscriber_type" ON "subscriptions" ("subscriber_type")[0m
  [4;35;1mSQL (0.2ms)[0m   [0m SELECT name
 FROM sqlite_master
 WHERE type = 'table' AND NOT name = 'sqlite_sequence'
[0m
  [4;36;1mSQL (3.9ms)[0m   [0;1mCREATE TABLE "schema_migrations" ("version" varchar(255) NOT NULL) [0m
  [4;35;1mSQL (0.0ms)[0m   [0mPRAGMA index_list("schema_migrations")[0m
  [4;36;1mSQL (4.8ms)[0m   [0;1mCREATE UNIQUE INDEX "unique_schema_migrations" ON "schema_migrations" ("version")[0m
  [4;35;1mSQL (0.1ms)[0m   [0m SELECT name
 FROM sqlite_master
 WHERE type = 'table' AND NOT name = 'sqlite_sequence'
[0m
  [4;36;1mSQL (0.1ms)[0m   [0;1mSELECT version FROM "schema_migrations"[0m
  [4;35;1mSQL (5.0ms)[0m   [0mINSERT INTO "schema_migrations" (version) VALUES ('20100914124709')[0m
  [4;36;1mSQL (0.4ms)[0m   [0;1m SELECT name
 FROM sqlite_master
 WHERE type = 'table' AND NOT name = 'sqlite_sequence'
[0m
  [4;35;1mSQL (0.1ms)[0m   [0mSELECT version FROM schema_migrations[0m
  [4;36;1mSQL (0.1ms)[0m   [0;1mselect sqlite_version(*)[0m
  [4;35;1mSQL (0.2ms)[0m   [0m SELECT name
 FROM sqlite_master
 WHERE type = 'table' AND NOT name = 'sqlite_sequence'
[0m
  [4;36;1mSQL (36.8ms)[0m   [0;1mCREATE TABLE "subscription_plans" ("id" INTEGER PRIMARY KEY AUTOINCREMENT NOT NULL, "name" varchar(255) NOT NULL, "rate_cents" integer DEFAULT 0, "interval" integer DEFAULT 1, "created_at" datetime, "updated_at" datetime) [0m
  [4;35;1mSQL (0.2ms)[0m   [0m SELECT name
 FROM sqlite_master
 WHERE type = 'table' AND NOT name = 'sqlite_sequence'
[0m
  [4;36;1mSQL (3.2ms)[0m   [0;1mCREATE TABLE "subscription_profiles" ("id" INTEGER PRIMARY KEY AUTOINCREMENT NOT NULL, "subscription_id" integer, "state" varchar(255), "profile_key" varchar(255), "card_first_name" varchar(255), "card_last_name" varchar(255), "card_type" varchar(255), "card_display_number" varchar(255), "card_expires_on" date, "created_at" datetime, "updated_at" datetime) [0m
  [4;35;1mSQL (0.1ms)[0m   [0m SELECT name
 FROM sqlite_master
 WHERE type = 'table' AND NOT name = 'sqlite_sequence'
[0m
  [4;36;1mSQL (3.8ms)[0m   [0;1mCREATE TABLE "subscription_transactions" ("id" INTEGER PRIMARY KEY AUTOINCREMENT NOT NULL, "subscription_id" integer NOT NULL, "amount_cents" integer, "success" boolean, "reference" varchar(255), "message" varchar(255), "action" varchar(255), "params" text, "test" boolean, "created_at" datetime, "updated_at" datetime) [0m
  [4;35;1mSQL (0.1ms)[0m   [0m SELECT name
 FROM sqlite_master
 WHERE type = 'table' AND NOT name = 'sqlite_sequence'
[0m
  [4;36;1mSQL (3.6ms)[0m   [0;1mCREATE TABLE "subscriptions" ("id" INTEGER PRIMARY KEY AUTOINCREMENT NOT NULL, "subscriber_id" integer NOT NULL, "subscriber_type" varchar(255) NOT NULL, "plan_id" integer, "state" varchar(255), "next_renewal_on" date, "warning_level" integer, "balance_cents" integer DEFAULT 0, "created_at" datetime, "updated_at" datetime) [0m
  [4;35;1mSQL (0.0ms)[0m   [0mPRAGMA index_list("subscriptions")[0m
  [4;36;1mSQL (3.7ms)[0m   [0;1mCREATE INDEX "index_subscriptions_on_next_renewal_on" ON "subscriptions" ("next_renewal_on")[0m
  [4;35;1mSQL (0.1ms)[0m   [0mPRAGMA index_list("subscriptions")[0m
  [4;36;1mSQL (0.1ms)[0m   [0;1mPRAGMA index_info('index_subscriptions_on_next_renewal_on')[0m
  [4;35;1mSQL (3.3ms)[0m   [0mCREATE INDEX "index_subscriptions_on_state" ON "subscriptions" ("state")[0m
  [4;36;1mSQL (0.1ms)[0m   [0;1mPRAGMA index_list("subscriptions")[0m
  [4;35;1mSQL (0.1ms)[0m   [0mPRAGMA index_info('index_subscriptions_on_state')[0m
  [4;36;1mSQL (0.0ms)[0m   [0;1mPRAGMA index_info('index_subscriptions_on_next_renewal_on')[0m
  [4;35;1mSQL (4.9ms)[0m   [0mCREATE INDEX "index_subscriptions_on_subscriber_id" ON "subscriptions" ("subscriber_id")[0m
  [4;36;1mSQL (0.1ms)[0m   [0;1mPRAGMA index_list("subscriptions")[0m
  [4;35;1mSQL (0.0ms)[0m   [0mPRAGMA index_info('index_subscriptions_on_subscriber_id')[0m
  [4;36;1mSQL (0.0ms)[0m   [0;1mPRAGMA index_info('index_subscriptions_on_state')[0m
  [4;35;1mSQL (0.1ms)[0m   [0mPRAGMA index_info('index_subscriptions_on_next_renewal_on')[0m
  [4;36;1mSQL (4.7ms)[0m   [0;1mCREATE INDEX "index_subscriptions_on_subscriber_type" ON "subscriptions" ("subscriber_type")[0m
  [4;35;1mSQL (0.1ms)[0m   [0m SELECT name
 FROM sqlite_master
 WHERE type = 'table' AND NOT name = 'sqlite_sequence'
[0m
  [4;36;1mSQL (4.6ms)[0m   [0;1mCREATE TABLE "schema_migrations" ("version" varchar(255) NOT NULL) [0m
  [4;35;1mSQL (0.0ms)[0m   [0mPRAGMA index_list("schema_migrations")[0m
  [4;36;1mSQL (4.2ms)[0m   [0;1mCREATE UNIQUE INDEX "unique_schema_migrations" ON "schema_migrations" ("version")[0m
  [4;35;1mSQL (0.2ms)[0m   [0m SELECT name
 FROM sqlite_master
 WHERE type = 'table' AND NOT name = 'sqlite_sequence'
[0m
  [4;36;1mSQL (0.1ms)[0m   [0;1mSELECT version FROM "schema_migrations"[0m
  [4;35;1mSQL (3.6ms)[0m   [0mINSERT INTO "schema_migrations" (version) VALUES ('20100914124709')[0m
  [4;36;1mSQL (0.4ms)[0m   [0;1m SELECT name
 FROM sqlite_master
 WHERE type = 'table' AND NOT name = 'sqlite_sequence'
[0m
  [4;35;1mSQL (0.1ms)[0m   [0mSELECT version FROM schema_migrations[0m
  [4;36;1mSQL (0.1ms)[0m   [0;1mselect sqlite_version(*)[0m
  [4;35;1mSQL (0.1ms)[0m   [0m SELECT name
 FROM sqlite_master
 WHERE type = 'table' AND NOT name = 'sqlite_sequence'
[0m
  [4;36;1mSQL (41.2ms)[0m   [0;1mCREATE TABLE "subscription_plans" ("id" INTEGER PRIMARY KEY AUTOINCREMENT NOT NULL, "name" varchar(255) NOT NULL, "rate_cents" integer DEFAULT 0, "interval" integer DEFAULT 1, "created_at" datetime, "updated_at" datetime) [0m
  [4;35;1mSQL (0.2ms)[0m   [0m SELECT name
 FROM sqlite_master
 WHERE type = 'table' AND NOT name = 'sqlite_sequence'
[0m
  [4;36;1mSQL (3.2ms)[0m   [0;1mCREATE TABLE "subscription_profiles" ("id" INTEGER PRIMARY KEY AUTOINCREMENT NOT NULL, "subscription_id" integer, "state" varchar(255), "profile_key" varchar(255), "card_first_name" varchar(255), "card_last_name" varchar(255), "card_type" varchar(255), "card_display_number" varchar(255), "card_expires_on" date, "created_at" datetime, "updated_at" datetime) [0m
  [4;35;1mSQL (0.1ms)[0m   [0m SELECT name
 FROM sqlite_master
 WHERE type = 'table' AND NOT name = 'sqlite_sequence'
[0m
  [4;36;1mSQL (4.2ms)[0m   [0;1mCREATE TABLE "subscription_transactions" ("id" INTEGER PRIMARY KEY AUTOINCREMENT NOT NULL, "subscription_id" integer NOT NULL, "amount_cents" integer, "success" boolean, "reference" varchar(255), "message" varchar(255), "action" varchar(255), "params" text, "test" boolean, "created_at" datetime, "updated_at" datetime) [0m
  [4;35;1mSQL (0.2ms)[0m   [0m SELECT name
 FROM sqlite_master
 WHERE type = 'table' AND NOT name = 'sqlite_sequence'
[0m
  [4;36;1mSQL (4.4ms)[0m   [0;1mCREATE TABLE "subscriptions" ("id" INTEGER PRIMARY KEY AUTOINCREMENT NOT NULL, "subscriber_id" integer NOT NULL, "subscriber_type" varchar(255) NOT NULL, "plan_id" integer, "state" varchar(255), "next_renewal_on" date, "warning_level" integer, "balance_cents" integer DEFAULT 0, "created_at" datetime, "updated_at" datetime) [0m
  [4;35;1mSQL (0.0ms)[0m   [0mPRAGMA index_list("subscriptions")[0m
  [4;36;1mSQL (3.4ms)[0m   [0;1mCREATE INDEX "index_subscriptions_on_next_renewal_on" ON "subscriptions" ("next_renewal_on")[0m
  [4;35;1mSQL (0.1ms)[0m   [0mPRAGMA index_list("subscriptions")[0m
  [4;36;1mSQL (0.1ms)[0m   [0;1mPRAGMA index_info('index_subscriptions_on_next_renewal_on')[0m
  [4;35;1mSQL (4.4ms)[0m   [0mCREATE INDEX "index_subscriptions_on_state" ON "subscriptions" ("state")[0m
  [4;36;1mSQL (0.1ms)[0m   [0;1mPRAGMA index_list("subscriptions")[0m
  [4;35;1mSQL (0.0ms)[0m   [0mPRAGMA index_info('index_subscriptions_on_state')[0m
  [4;36;1mSQL (0.1ms)[0m   [0;1mPRAGMA index_info('index_subscriptions_on_next_renewal_on')[0m
  [4;35;1mSQL (3.8ms)[0m   [0mCREATE INDEX "index_subscriptions_on_subscriber_id" ON "subscriptions" ("subscriber_id")[0m
  [4;36;1mSQL (0.1ms)[0m   [0;1mPRAGMA index_list("subscriptions")[0m
  [4;35;1mSQL (0.1ms)[0m   [0mPRAGMA index_info('index_subscriptions_on_subscriber_id')[0m
  [4;36;1mSQL (0.1ms)[0m   [0;1mPRAGMA index_info('index_subscriptions_on_state')[0m
  [4;35;1mSQL (0.1ms)[0m   [0mPRAGMA index_info('index_subscriptions_on_next_renewal_on')[0m
  [4;36;1mSQL (4.7ms)[0m   [0;1mCREATE INDEX "index_subscriptions_on_subscriber_type" ON "subscriptions" ("subscriber_type")[0m
  [4;35;1mSQL (0.1ms)[0m   [0m SELECT name
 FROM sqlite_master
 WHERE type = 'table' AND NOT name = 'sqlite_sequence'
[0m
  [4;36;1mSQL (4.9ms)[0m   [0;1mCREATE TABLE "schema_migrations" ("version" varchar(255) NOT NULL) [0m
  [4;35;1mSQL (0.0ms)[0m   [0mPRAGMA index_list("schema_migrations")[0m
  [4;36;1mSQL (3.9ms)[0m   [0;1mCREATE UNIQUE INDEX "unique_schema_migrations" ON "schema_migrations" ("version")[0m
  [4;35;1mSQL (0.1ms)[0m   [0m SELECT name
 FROM sqlite_master
 WHERE type = 'table' AND NOT name = 'sqlite_sequence'
[0m
  [4;36;1mSQL (0.1ms)[0m   [0;1mSELECT version FROM "schema_migrations"[0m
  [4;35;1mSQL (4.3ms)[0m   [0mINSERT INTO "schema_migrations" (version) VALUES ('20100914124709')[0m
